<?xml version="1.0" encoding="UTF-8"?>
<testsuite xmlns:xsi="http://www.w3.org/2001/XMLSchema-instance" xsi:noNamespaceSchemaLocation="https://maven.apache.org/surefire/maven-surefire-plugin/xsd/surefire-test-report.xsd" version="3.0.2" name="com.example.controller.HelloControllerTest" time="0.207" tests="2" errors="0" skipped="0" failures="0">
  <properties>
[...]
</properties>
  <testcase name="testEchoMessage" classname="com.example.controller.HelloControllerTest" time="0.082">
    <system-out><![CDATA[2025-05-18T21:17:57.025+03:00  INFO 24334 --- [demo] [           main] o.s.b.d.r.RestartApplicationListener     : Restart disabled due to context in which it is running

  .   ____          _            __ _ _
 /\\ / ___'_ __ _ _(_)_ __  __ _ \ \ \ \
( ( )\___ | '_ | '_| | '_ \/ _` | \ \ \ \
 \\/  ___)| |_)| | | | | || (_| |  ) ) ) )
  '  |____| .__|_| |_|_| |_\__, | / / / /
 =========|_|==============|___/=/_/_/_/

 :: Spring Boot ::                (v3.4.5)

2025-05-18T21:17:57.039+03:00  INFO 24334 --- [demo] [           main] c.e.controller.HelloControllerTest       : Starting HelloControllerTest using Java 23.0.2 with PID 24334 (started by esiboni in /Users/esiboni/Desktop/jsonservice)
2025-05-18T21:17:57.039+03:00  INFO 24334 --- [demo] [           main] c.e.controller.HelloControllerTest       : No active profile set, falling back to 1 default profile: "default"
2025-05-18T21:17:57.040+03:00 DEBUG 24334 --- [demo] [           main] o.s.w.c.s.GenericWebApplicationContext   : Refreshing org.springframework.web.context.support.GenericWebApplicationContext@49e62b17
2025-05-18T21:17:57.103+03:00 DEBUG 24334 --- [demo] [           main] s.w.s.m.m.a.RequestMappingHandlerMapping : 3 mappings in 'requestMappingHandlerMapping'
2025-05-18T21:17:57.111+03:00 DEBUG 24334 --- [demo] [           main] o.s.w.s.handler.SimpleUrlHandlerMapping  : Patterns [/webjars/**, /**] in 'resourceHandlerMapping'
2025-05-18T21:17:57.112+03:00 DEBUG 24334 --- [demo] [           main] s.w.s.m.m.a.RequestMappingHandlerAdapter : ControllerAdvice beans: 0 @ModelAttribute, 0 @InitBinder, 1 RequestBodyAdvice, 1 ResponseBodyAdvice
2025-05-18T21:17:57.114+03:00 DEBUG 24334 --- [demo] [           main] .m.m.a.ExceptionHandlerExceptionResolver : ControllerAdvice beans: 0 @ExceptionHandler, 1 ResponseBodyAdvice
2025-05-18T21:17:57.124+03:00  INFO 24334 --- [demo] [           main] o.s.b.t.m.w.SpringBootMockServletContext : Initializing Spring TestDispatcherServlet ''
2025-05-18T21:17:57.124+03:00  INFO 24334 --- [demo] [           main] o.s.t.web.servlet.TestDispatcherServlet  : Initializing Servlet ''
2025-05-18T21:17:57.125+03:00  INFO 24334 --- [demo] [           main] o.s.t.web.servlet.TestDispatcherServlet  : Completed initialization in 1 ms
2025-05-18T21:17:57.130+03:00  INFO 24334 --- [demo] [           main] c.e.controller.HelloControllerTest       : Started HelloControllerTest in 0.105 seconds (process running for 2.245)
2025-05-18T21:17:57.147+03:00 DEBUG 24334 --- [demo] [           main] s.w.s.m.m.a.RequestMappingHandlerMapping : Mapped to com.example.controller.HelloController#echoMessage(Message)
2025-05-18T21:17:57.179+03:00 DEBUG 24334 --- [demo] [           main] m.m.a.RequestResponseBodyMethodProcessor : Read "application/json;charset=UTF-8" to [com.example.model.Message@6e9f8160]
2025-05-18T21:17:57.190+03:00 DEBUG 24334 --- [demo] [           main] o.s.w.s.m.m.a.HttpEntityMethodProcessor  : Using 'application/json', given [*/*] and supported [application/json, application/*+json]
2025-05-18T21:17:57.191+03:00 DEBUG 24334 --- [demo] [           main] o.s.w.s.m.m.a.HttpEntityMethodProcessor  : Writing [com.example.model.Message@7d156f8f]
]]></system-out>
  </testcase>
  <testcase name="testEchoMessageBadRequest" classname="com.example.controller.HelloControllerTest" time="0.003">
    <system-out><![CDATA[2025-05-18T21:17:57.217+03:00 DEBUG 24334 --- [demo] [           main] s.w.s.m.m.a.RequestMappingHandlerMapping : Mapped to com.example.controller.HelloController#echoMessage(Message)
2025-05-18T21:17:57.217+03:00 DEBUG 24334 --- [demo] [           main] m.m.a.RequestResponseBodyMethodProcessor : Read "application/json;charset=UTF-8" to [com.example.model.Message@53e166ad]
2025-05-18T21:17:57.218+03:00 DEBUG 24334 --- [demo] [           main] o.s.w.s.m.m.a.HttpEntityMethodProcessor  : Using 'application/json', given [*/*] and supported [application/json, application/*+json]
2025-05-18T21:17:57.218+03:00 DEBUG 24334 --- [demo] [           main] o.s.w.s.m.m.a.HttpEntityMethodProcessor  : Writing [com.example.model.Message@30c03473]
]]></system-out>
  </testcase>
</testsuite>